{
    "C:\\SE_Projects\\Auction-Sphere-2\\src\\App.js": {
        "path": "C:\\SE_Projects\\Auction-Sphere-2\\src\\App.js",
        "statementMap": {
            "0": {
                "start": { "line": 15, "column": 4 },
                "end": { "line": 31, "column": 5 }
            }
        },
        "fnMap": {
            "0": {
                "name": "App",
                "decl": {
                    "start": { "line": 14, "column": 9 },
                    "end": { "line": 14, "column": 12 }
                },
                "loc": {
                    "start": { "line": 14, "column": 15 },
                    "end": { "line": 32, "column": 1 }
                },
                "line": 14
            }
        },
        "branchMap": {},
        "s": { "0": 0 },
        "f": { "0": 0 },
        "b": {}
    },
    "C:\\SE_Projects\\Auction-Sphere-2\\src\\global.js": {
        "path": "C:\\SE_Projects\\Auction-Sphere-2\\src\\global.js",
        "statementMap": {
            "0": {
                "start": { "line": 1, "column": 12 },
                "end": { "line": 1, "column": 35 }
            }
        },
        "fnMap": {},
        "branchMap": {},
        "s": { "0": 6 },
        "f": {},
        "b": {},
        "_coverageSchema": "1a1c01bbd47fc00a2c39e90264f33305004495a9",
        "hash": "d4a38bcc6fa5b426df30b310c1517aa921528098"
    },
    "C:\\SE_Projects\\Auction-Sphere-2\\src\\index.js": {
        "path": "C:\\SE_Projects\\Auction-Sphere-2\\src\\index.js",
        "statementMap": {
            "0": {
                "start": { "line": 8, "column": 13 },
                "end": { "line": 8, "column": 65 }
            },
            "1": {
                "start": { "line": 9, "column": 0 },
                "end": { "line": 15, "column": 1 }
            },
            "2": {
                "start": { "line": 20, "column": 0 },
                "end": { "line": 20, "column": 17 }
            }
        },
        "fnMap": {},
        "branchMap": {},
        "s": { "0": 0, "1": 0, "2": 0 },
        "f": {},
        "b": {}
    },
    "C:\\SE_Projects\\Auction-Sphere-2\\src\\reportWebVitals.js": {
        "path": "C:\\SE_Projects\\Auction-Sphere-2\\src\\reportWebVitals.js",
        "statementMap": {
            "0": {
                "start": { "line": 1, "column": 24 },
                "end": { "line": 13, "column": 1 }
            },
            "1": {
                "start": { "line": 2, "column": 4 },
                "end": { "line": 12, "column": 5 }
            },
            "2": {
                "start": { "line": 3, "column": 8 },
                "end": { "line": 11, "column": 9 }
            },
            "3": {
                "start": { "line": 5, "column": 16 },
                "end": { "line": 5, "column": 35 }
            },
            "4": {
                "start": { "line": 6, "column": 16 },
                "end": { "line": 6, "column": 35 }
            },
            "5": {
                "start": { "line": 7, "column": 16 },
                "end": { "line": 7, "column": 35 }
            },
            "6": {
                "start": { "line": 8, "column": 16 },
                "end": { "line": 8, "column": 35 }
            },
            "7": {
                "start": { "line": 9, "column": 16 },
                "end": { "line": 9, "column": 36 }
            }
        },
        "fnMap": {
            "0": {
                "name": "(anonymous_0)",
                "decl": {
                    "start": { "line": 1, "column": 24 },
                    "end": { "line": 1, "column": 25 }
                },
                "loc": {
                    "start": { "line": 1, "column": 41 },
                    "end": { "line": 13, "column": 1 }
                },
                "line": 1
            },
            "1": {
                "name": "(anonymous_1)",
                "decl": {
                    "start": { "line": 4, "column": 12 },
                    "end": { "line": 4, "column": 13 }
                },
                "loc": {
                    "start": { "line": 4, "column": 61 },
                    "end": { "line": 10, "column": 13 }
                },
                "line": 4
            }
        },
        "branchMap": {
            "0": {
                "loc": {
                    "start": { "line": 2, "column": 4 },
                    "end": { "line": 12, "column": 5 }
                },
                "type": "if",
                "locations": [
                    {
                        "start": { "line": 2, "column": 4 },
                        "end": { "line": 12, "column": 5 }
                    },
                    { "start": {}, "end": {} }
                ],
                "line": 2
            },
            "1": {
                "loc": {
                    "start": { "line": 2, "column": 8 },
                    "end": { "line": 2, "column": 54 }
                },
                "type": "binary-expr",
                "locations": [
                    {
                        "start": { "line": 2, "column": 8 },
                        "end": { "line": 2, "column": 19 }
                    },
                    {
                        "start": { "line": 2, "column": 23 },
                        "end": { "line": 2, "column": 54 }
                    }
                ],
                "line": 2
            }
        },
        "s": { "0": 0, "1": 0, "2": 0, "3": 0, "4": 0, "5": 0, "6": 0, "7": 0 },
        "f": { "0": 0, "1": 0 },
        "b": { "0": [0, 0], "1": [0, 0] }
    },
    "C:\\SE_Projects\\Auction-Sphere-2\\src\\components\\About.js": {
        "path": "C:\\SE_Projects\\Auction-Sphere-2\\src\\components\\About.js",
        "statementMap": {
            "0": {
                "start": { "line": 20, "column": 14 },
                "end": { "line": 158, "column": 1 }
            },
            "1": {
                "start": { "line": 21, "column": 4 },
                "end": { "line": 157, "column": 5 }
            }
        },
        "fnMap": {
            "0": {
                "name": "(anonymous_0)",
                "decl": {
                    "start": { "line": 20, "column": 14 },
                    "end": { "line": 20, "column": 15 }
                },
                "loc": {
                    "start": { "line": 20, "column": 20 },
                    "end": { "line": 158, "column": 1 }
                },
                "line": 20
            }
        },
        "branchMap": {},
        "s": { "0": 1, "1": 5 },
        "f": { "0": 5 },
        "b": {},
        "_coverageSchema": "1a1c01bbd47fc00a2c39e90264f33305004495a9",
        "hash": "0eddd45c8ded17869a9cbcbc098323330a7d6cee"
    },
    "C:\\SE_Projects\\Auction-Sphere-2\\src\\components\\AddBid.js": {
        "path": "C:\\SE_Projects\\Auction-Sphere-2\\src\\components\\AddBid.js",
        "statementMap": {
            "0": {
                "start": { "line": 12, "column": 15 },
                "end": { "line": 62, "column": 1 }
            },
            "1": {
                "start": { "line": 13, "column": 32 },
                "end": { "line": 13, "column": 43 }
            },
            "2": {
                "start": { "line": 14, "column": 25 },
                "end": { "line": 16, "column": 5 }
            },
            "3": {
                "start": { "line": 15, "column": 8 },
                "end": { "line": 15, "column": 37 }
            },
            "4": {
                "start": { "line": 17, "column": 25 },
                "end": { "line": 40, "column": 5 }
            },
            "5": {
                "start": { "line": 18, "column": 8 },
                "end": { "line": 18, "column": 30 }
            },
            "6": {
                "start": { "line": 19, "column": 8 },
                "end": { "line": 19, "column": 27 }
            },
            "7": {
                "start": { "line": 21, "column": 8 },
                "end": { "line": 39, "column": 9 }
            },
            "8": {
                "start": { "line": 22, "column": 12 },
                "end": { "line": 35, "column": 13 }
            },
            "9": {
                "start": { "line": 23, "column": 16 },
                "end": { "line": 34, "column": 17 }
            },
            "10": {
                "start": { "line": 24, "column": 20 },
                "end": { "line": 24, "column": 66 }
            },
            "11": {
                "start": { "line": 26, "column": 20 },
                "end": { "line": 30, "column": 22 }
            },
            "12": {
                "start": { "line": 31, "column": 20 },
                "end": { "line": 31, "column": 49 }
            },
            "13": {
                "start": { "line": 32, "column": 20 },
                "end": { "line": 32, "column": 41 }
            },
            "14": {
                "start": { "line": 33, "column": 20 },
                "end": { "line": 33, "column": 56 }
            },
            "15": {
                "start": { "line": 37, "column": 12 },
                "end": { "line": 37, "column": 26 }
            },
            "16": {
                "start": { "line": 38, "column": 12 },
                "end": { "line": 38, "column": 44 }
            },
            "17": {
                "start": { "line": 41, "column": 4 },
                "end": { "line": 61, "column": 5 }
            },
            "18": {
                "start": { "line": 55, "column": 41 },
                "end": { "line": 55, "column": 56 }
            },
            "19": {
                "start": { "line": 63, "column": 0 },
                "end": { "line": 65, "column": 1 }
            }
        },
        "fnMap": {
            "0": {
                "name": "(anonymous_0)",
                "decl": {
                    "start": { "line": 12, "column": 15 },
                    "end": { "line": 12, "column": 16 }
                },
                "loc": {
                    "start": { "line": 12, "column": 47 },
                    "end": { "line": 62, "column": 1 }
                },
                "line": 12
            },
            "1": {
                "name": "(anonymous_1)",
                "decl": {
                    "start": { "line": 14, "column": 25 },
                    "end": { "line": 14, "column": 26 }
                },
                "loc": {
                    "start": { "line": 14, "column": 36 },
                    "end": { "line": 16, "column": 5 }
                },
                "line": 14
            },
            "2": {
                "name": "(anonymous_2)",
                "decl": {
                    "start": { "line": 17, "column": 25 },
                    "end": { "line": 17, "column": 26 }
                },
                "loc": {
                    "start": { "line": 17, "column": 42 },
                    "end": { "line": 40, "column": 5 }
                },
                "line": 17
            },
            "3": {
                "name": "(anonymous_3)",
                "decl": {
                    "start": { "line": 55, "column": 34 },
                    "end": { "line": 55, "column": 35 }
                },
                "loc": {
                    "start": { "line": 55, "column": 41 },
                    "end": { "line": 55, "column": 56 }
                },
                "line": 55
            }
        },
        "branchMap": {
            "0": {
                "loc": {
                    "start": { "line": 22, "column": 12 },
                    "end": { "line": 35, "column": 13 }
                },
                "type": "if",
                "locations": [
                    {
                        "start": { "line": 22, "column": 12 },
                        "end": { "line": 35, "column": 13 }
                    },
                    { "start": {}, "end": {} }
                ],
                "line": 22
            },
            "1": {
                "loc": {
                    "start": { "line": 23, "column": 16 },
                    "end": { "line": 34, "column": 17 }
                },
                "type": "if",
                "locations": [
                    {
                        "start": { "line": 23, "column": 16 },
                        "end": { "line": 34, "column": 17 }
                    },
                    {
                        "start": { "line": 25, "column": 23 },
                        "end": { "line": 34, "column": 17 }
                    }
                ],
                "line": 23
            }
        },
        "s": {
            "0": 2,
            "1": 8,
            "2": 8,
            "3": 3,
            "4": 8,
            "5": 2,
            "6": 2,
            "7": 2,
            "8": 2,
            "9": 2,
            "10": 2,
            "11": 0,
            "12": 0,
            "13": 0,
            "14": 0,
            "15": 0,
            "16": 0,
            "17": 8,
            "18": 3,
            "19": 2
        },
        "f": { "0": 8, "1": 3, "2": 2, "3": 3 },
        "b": { "0": [2, 0], "1": [2, 0] },
        "_coverageSchema": "1a1c01bbd47fc00a2c39e90264f33305004495a9",
        "hash": "3af62677fb9b4ae71f8530b25d96ece7e5881a08"
    },
    "C:\\SE_Projects\\Auction-Sphere-2\\src\\components\\Footer.js": {
        "path": "C:\\SE_Projects\\Auction-Sphere-2\\src\\components\\Footer.js",
        "statementMap": {
            "0": {
                "start": { "line": 7, "column": 15 },
                "end": { "line": 22, "column": 1 }
            },
            "1": {
                "start": { "line": 8, "column": 4 },
                "end": { "line": 21, "column": 5 }
            }
        },
        "fnMap": {
            "0": {
                "name": "(anonymous_0)",
                "decl": {
                    "start": { "line": 7, "column": 15 },
                    "end": { "line": 7, "column": 16 }
                },
                "loc": {
                    "start": { "line": 7, "column": 21 },
                    "end": { "line": 22, "column": 1 }
                },
                "line": 7
            }
        },
        "branchMap": {},
        "s": { "0": 5, "1": 17 },
        "f": { "0": 17 },
        "b": {},
        "_coverageSchema": "1a1c01bbd47fc00a2c39e90264f33305004495a9",
        "hash": "30fd42bf4344ca90f7a124fbd3560a5755c13295"
    },
    "C:\\SE_Projects\\Auction-Sphere-2\\src\\components\\Navv.js": {
        "path": "C:\\SE_Projects\\Auction-Sphere-2\\src\\components\\Navv.js",
        "statementMap": {
            "0": {
                "start": { "line": 24, "column": 32 },
                "end": { "line": 24, "column": 46 }
            },
            "1": {
                "start": { "line": 26, "column": 19 },
                "end": { "line": 26, "column": 43 }
            },
            "2": {
                "start": { "line": 26, "column": 25 },
                "end": { "line": 26, "column": 43 }
            },
            "3": {
                "start": { "line": 27, "column": 25 },
                "end": { "line": 31, "column": 5 }
            },
            "4": {
                "start": { "line": 28, "column": 8 },
                "end": { "line": 28, "column": 28 }
            },
            "5": {
                "start": { "line": 29, "column": 8 },
                "end": { "line": 29, "column": 32 }
            },
            "6": {
                "start": { "line": 30, "column": 8 },
                "end": { "line": 30, "column": 32 }
            },
            "7": {
                "start": { "line": 33, "column": 4 },
                "end": { "line": 116, "column": 5 }
            },
            "8": {
                "start": { "line": 58, "column": 24 },
                "end": { "line": 58, "column": 42 }
            }
        },
        "fnMap": {
            "0": {
                "name": "Navv",
                "decl": {
                    "start": { "line": 23, "column": 9 },
                    "end": { "line": 23, "column": 13 }
                },
                "loc": {
                    "start": { "line": 23, "column": 20 },
                    "end": { "line": 117, "column": 1 }
                },
                "line": 23
            },
            "1": {
                "name": "(anonymous_1)",
                "decl": {
                    "start": { "line": 26, "column": 19 },
                    "end": { "line": 26, "column": 20 }
                },
                "loc": {
                    "start": { "line": 26, "column": 25 },
                    "end": { "line": 26, "column": 43 }
                },
                "line": 26
            },
            "2": {
                "name": "(anonymous_2)",
                "decl": {
                    "start": { "line": 27, "column": 25 },
                    "end": { "line": 27, "column": 26 }
                },
                "loc": {
                    "start": { "line": 27, "column": 31 },
                    "end": { "line": 31, "column": 5 }
                },
                "line": 27
            },
            "3": {
                "name": "(anonymous_3)",
                "decl": {
                    "start": { "line": 57, "column": 29 },
                    "end": { "line": 57, "column": 30 }
                },
                "loc": {
                    "start": { "line": 57, "column": 35 },
                    "end": { "line": 59, "column": 21 }
                },
                "line": 57
            }
        },
        "branchMap": {
            "0": {
                "loc": {
                    "start": { "line": 72, "column": 25 },
                    "end": { "line": 111, "column": 25 }
                },
                "type": "cond-expr",
                "locations": [
                    {
                        "start": { "line": 73, "column": 28 },
                        "end": { "line": 91, "column": 31 }
                    },
                    {
                        "start": { "line": 93, "column": 28 },
                        "end": { "line": 110, "column": 31 }
                    }
                ],
                "line": 72
            }
        },
        "s": {
            "0": 45,
            "1": 45,
            "2": 0,
            "3": 45,
            "4": 0,
            "5": 0,
            "6": 0,
            "7": 45,
            "8": 0
        },
        "f": { "0": 45, "1": 0, "2": 0, "3": 0 },
        "b": { "0": [8, 37] },
        "_coverageSchema": "1a1c01bbd47fc00a2c39e90264f33305004495a9",
        "hash": "a1e54a0be98a48f0a16fedddc8f416eaf993c87a"
    },
    "C:\\SE_Projects\\Auction-Sphere-2\\src\\components\\ProductCard.js": {
        "path": "C:\\SE_Projects\\Auction-Sphere-2\\src\\components\\ProductCard.js",
        "statementMap": {
            "0": {
                "start": { "line": 21, "column": 20 },
                "end": { "line": 67, "column": 1 }
            },
            "1": {
                "start": { "line": 22, "column": 26 },
                "end": { "line": 22, "column": 60 }
            },
            "2": {
                "start": { "line": 23, "column": 30 },
                "end": { "line": 23, "column": 71 }
            },
            "3": {
                "start": { "line": 25, "column": 23 },
                "end": { "line": 35, "column": 5 }
            },
            "4": {
                "start": { "line": 26, "column": 8 },
                "end": { "line": 34, "column": 9 }
            },
            "5": {
                "start": { "line": 27, "column": 29 },
                "end": { "line": 29, "column": 14 }
            },
            "6": {
                "start": { "line": 30, "column": 12 },
                "end": { "line": 30, "column": 33 }
            },
            "7": {
                "start": { "line": 31, "column": 12 },
                "end": { "line": 31, "column": 45 }
            },
            "8": {
                "start": { "line": 33, "column": 12 },
                "end": { "line": 33, "column": 26 }
            },
            "9": {
                "start": { "line": 36, "column": 4 },
                "end": { "line": 38, "column": 10 }
            },
            "10": {
                "start": { "line": 37, "column": 8 },
                "end": { "line": 37, "column": 20 }
            },
            "11": {
                "start": { "line": 40, "column": 4 },
                "end": { "line": 66, "column": 5 }
            },
            "12": {
                "start": { "line": 69, "column": 0 },
                "end": { "line": 73, "column": 1 }
            }
        },
        "fnMap": {
            "0": {
                "name": "(anonymous_0)",
                "decl": {
                    "start": { "line": 21, "column": 20 },
                    "end": { "line": 21, "column": 21 }
                },
                "loc": {
                    "start": { "line": 21, "column": 51 },
                    "end": { "line": 67, "column": 1 }
                },
                "line": 21
            },
            "1": {
                "name": "(anonymous_1)",
                "decl": {
                    "start": { "line": 25, "column": 23 },
                    "end": { "line": 25, "column": 24 }
                },
                "loc": {
                    "start": { "line": 25, "column": 35 },
                    "end": { "line": 35, "column": 5 }
                },
                "line": 25
            },
            "2": {
                "name": "(anonymous_2)",
                "decl": {
                    "start": { "line": 36, "column": 14 },
                    "end": { "line": 36, "column": 15 }
                },
                "loc": {
                    "start": { "line": 36, "column": 20 },
                    "end": { "line": 38, "column": 5 }
                },
                "line": 36
            }
        },
        "branchMap": {
            "0": {
                "loc": {
                    "start": { "line": 57, "column": 48 },
                    "end": { "line": 57, "column": 78 }
                },
                "type": "cond-expr",
                "locations": [
                    {
                        "start": { "line": 57, "column": 64 },
                        "end": { "line": 57, "column": 69 }
                    },
                    {
                        "start": { "line": 57, "column": 72 },
                        "end": { "line": 57, "column": 78 }
                    }
                ],
                "line": 57
            }
        },
        "s": {
            "0": 2,
            "1": 4,
            "2": 4,
            "3": 4,
            "4": 4,
            "5": 4,
            "6": 4,
            "7": 4,
            "8": 2,
            "9": 4,
            "10": 4,
            "11": 4,
            "12": 2
        },
        "f": { "0": 4, "1": 4, "2": 4 },
        "b": { "0": [1, 3] },
        "_coverageSchema": "1a1c01bbd47fc00a2c39e90264f33305004495a9",
        "hash": "e5f0aa4f0c1f1e5e034c57a0cbf5659c76492db5"
    },
    "C:\\SE_Projects\\Auction-Sphere-2\\src\\components\\ProductDetails.js": {
        "path": "C:\\SE_Projects\\Auction-Sphere-2\\src\\components\\ProductDetails.js",
        "statementMap": {
            "0": {
                "start": { "line": 22, "column": 23 },
                "end": { "line": 152, "column": 1 }
            },
            "1": {
                "start": { "line": 23, "column": 17 },
                "end": { "line": 23, "column": 28 }
            },
            "2": {
                "start": { "line": 24, "column": 40 },
                "end": { "line": 24, "column": 55 }
            },
            "3": {
                "start": { "line": 25, "column": 40 },
                "end": { "line": 25, "column": 55 }
            },
            "4": {
                "start": { "line": 26, "column": 28 },
                "end": { "line": 26, "column": 40 }
            },
            "5": {
                "start": { "line": 27, "column": 34 },
                "end": { "line": 27, "column": 48 }
            },
            "6": {
                "start": { "line": 28, "column": 30 },
                "end": { "line": 39, "column": 5 }
            },
            "7": {
                "start": { "line": 29, "column": 8 },
                "end": { "line": 38, "column": 9 }
            },
            "8": {
                "start": { "line": 30, "column": 23 },
                "end": { "line": 32, "column": 14 }
            },
            "9": {
                "start": { "line": 33, "column": 12 },
                "end": { "line": 33, "column": 29 }
            },
            "10": {
                "start": { "line": 34, "column": 12 },
                "end": { "line": 34, "column": 35 }
            },
            "11": {
                "start": { "line": 35, "column": 12 },
                "end": { "line": 35, "column": 44 }
            },
            "12": {
                "start": { "line": 37, "column": 12 },
                "end": { "line": 37, "column": 47 }
            },
            "13": {
                "start": { "line": 40, "column": 4 },
                "end": { "line": 47, "column": 10 }
            },
            "14": {
                "start": { "line": 41, "column": 8 },
                "end": { "line": 41, "column": 27 }
            },
            "15": {
                "start": { "line": 42, "column": 8 },
                "end": { "line": 46, "column": 9 }
            },
            "16": {
                "start": { "line": 43, "column": 12 },
                "end": { "line": 45, "column": 13 }
            },
            "17": {
                "start": { "line": 44, "column": 16 },
                "end": { "line": 44, "column": 35 }
            },
            "18": {
                "start": { "line": 48, "column": 4 },
                "end": { "line": 151, "column": 5 }
            },
            "19": {
                "start": { "line": 110, "column": 44 },
                "end": { "line": 116, "column": 50 }
            },
            "20": {
                "start": { "line": 127, "column": 48 },
                "end": { "line": 127, "column": 74 }
            }
        },
        "fnMap": {
            "0": {
                "name": "(anonymous_0)",
                "decl": {
                    "start": { "line": 22, "column": 23 },
                    "end": { "line": 22, "column": 24 }
                },
                "loc": {
                    "start": { "line": 22, "column": 29 },
                    "end": { "line": 152, "column": 1 }
                },
                "line": 22
            },
            "1": {
                "name": "(anonymous_1)",
                "decl": {
                    "start": { "line": 28, "column": 30 },
                    "end": { "line": 28, "column": 31 }
                },
                "loc": {
                    "start": { "line": 28, "column": 42 },
                    "end": { "line": 39, "column": 5 }
                },
                "line": 28
            },
            "2": {
                "name": "(anonymous_2)",
                "decl": {
                    "start": { "line": 40, "column": 14 },
                    "end": { "line": 40, "column": 15 }
                },
                "loc": {
                    "start": { "line": 40, "column": 20 },
                    "end": { "line": 47, "column": 5 }
                },
                "line": 40
            },
            "3": {
                "name": "(anonymous_3)",
                "decl": {
                    "start": { "line": 109, "column": 50 },
                    "end": { "line": 109, "column": 51 }
                },
                "loc": {
                    "start": { "line": 110, "column": 44 },
                    "end": { "line": 116, "column": 50 }
                },
                "line": 110
            },
            "4": {
                "name": "(anonymous_4)",
                "decl": {
                    "start": { "line": 126, "column": 53 },
                    "end": { "line": 126, "column": 54 }
                },
                "loc": {
                    "start": { "line": 127, "column": 48 },
                    "end": { "line": 127, "column": 74 }
                },
                "line": 127
            }
        },
        "branchMap": {
            "0": {
                "loc": {
                    "start": { "line": 42, "column": 8 },
                    "end": { "line": 46, "column": 9 }
                },
                "type": "if",
                "locations": [
                    {
                        "start": { "line": 42, "column": 8 },
                        "end": { "line": 46, "column": 9 }
                    },
                    { "start": {}, "end": {} }
                ],
                "line": 42
            },
            "1": {
                "loc": {
                    "start": { "line": 43, "column": 12 },
                    "end": { "line": 45, "column": 13 }
                },
                "type": "if",
                "locations": [
                    {
                        "start": { "line": 43, "column": 12 },
                        "end": { "line": 45, "column": 13 }
                    },
                    { "start": {}, "end": {} }
                ],
                "line": 43
            },
            "2": {
                "loc": {
                    "start": { "line": 72, "column": 21 },
                    "end": { "line": 147, "column": 21 }
                },
                "type": "binary-expr",
                "locations": [
                    {
                        "start": { "line": 72, "column": 21 },
                        "end": { "line": 72, "column": 28 }
                    },
                    {
                        "start": { "line": 73, "column": 24 },
                        "end": { "line": 146, "column": 30 }
                    }
                ],
                "line": 72
            },
            "3": {
                "loc": {
                    "start": { "line": 106, "column": 33 },
                    "end": { "line": 121, "column": 33 }
                },
                "type": "cond-expr",
                "locations": [
                    {
                        "start": { "line": 107, "column": 36 },
                        "end": { "line": 118, "column": 39 }
                    },
                    {
                        "start": { "line": 120, "column": 36 },
                        "end": { "line": 120, "column": 59 }
                    }
                ],
                "line": 106
            },
            "4": {
                "loc": {
                    "start": { "line": 122, "column": 33 },
                    "end": { "line": 144, "column": 33 }
                },
                "type": "binary-expr",
                "locations": [
                    {
                        "start": { "line": 122, "column": 33 },
                        "end": { "line": 122, "column": 43 }
                    },
                    {
                        "start": { "line": 123, "column": 36 },
                        "end": { "line": 143, "column": 39 }
                    }
                ],
                "line": 122
            },
            "5": {
                "loc": {
                    "start": { "line": 130, "column": 45 },
                    "end": { "line": 134, "column": 45 }
                },
                "type": "cond-expr",
                "locations": [
                    {
                        "start": { "line": 131, "column": 48 },
                        "end": { "line": 131, "column": 62 }
                    },
                    {
                        "start": { "line": 133, "column": 48 },
                        "end": { "line": 133, "column": 62 }
                    }
                ],
                "line": 130
            },
            "6": {
                "loc": {
                    "start": { "line": 137, "column": 41 },
                    "end": { "line": 142, "column": 41 }
                },
                "type": "binary-expr",
                "locations": [
                    {
                        "start": { "line": 137, "column": 41 },
                        "end": { "line": 137, "column": 51 }
                    },
                    {
                        "start": { "line": 138, "column": 44 },
                        "end": { "line": 141, "column": 46 }
                    }
                ],
                "line": 137
            }
        },
        "s": {
            "0": 1,
            "1": 15,
            "2": 14,
            "3": 14,
            "4": 14,
            "5": 14,
            "6": 14,
            "7": 6,
            "8": 6,
            "9": 5,
            "10": 5,
            "11": 5,
            "12": 1,
            "13": 14,
            "14": 6,
            "15": 6,
            "16": 6,
            "17": 2,
            "18": 14,
            "19": 10,
            "20": 1
        },
        "f": { "0": 15, "1": 6, "2": 6, "3": 10, "4": 1 },
        "b": {
            "0": [6, 0],
            "1": [2, 4],
            "2": [14, 6],
            "3": [5, 1],
            "4": [6, 3],
            "5": [1, 2],
            "6": [3, 1]
        },
        "_coverageSchema": "1a1c01bbd47fc00a2c39e90264f33305004495a9",
        "hash": "b56f7285294274b65764df6e47420aff7db6214c"
    },
    "C:\\SE_Projects\\Auction-Sphere-2\\src\\components\\ProductView.js": {
        "path": "C:\\SE_Projects\\Auction-Sphere-2\\src\\components\\ProductView.js",
        "statementMap": {},
        "fnMap": {},
        "branchMap": {},
        "s": {},
        "f": {},
        "b": {},
        "_coverageSchema": "1a1c01bbd47fc00a2c39e90264f33305004495a9",
        "hash": "632a40500a7083b00235cc0526bf9da1a88d1341"
    },
    "C:\\SE_Projects\\Auction-Sphere-2\\src\\components\\Products.js": {
        "path": "C:\\SE_Projects\\Auction-Sphere-2\\src\\components\\Products.js",
        "statementMap": {
            "0": {
                "start": { "line": 14, "column": 17 },
                "end": { "line": 62, "column": 1 }
            },
            "1": {
                "start": { "line": 15, "column": 34 },
                "end": { "line": 15, "column": 46 }
            },
            "2": {
                "start": { "line": 17, "column": 24 },
                "end": { "line": 26, "column": 5 }
            },
            "3": {
                "start": { "line": 18, "column": 8 },
                "end": { "line": 25, "column": 9 }
            },
            "4": {
                "start": { "line": 19, "column": 23 },
                "end": { "line": 19, "column": 66 }
            },
            "5": {
                "start": { "line": 20, "column": 12 },
                "end": { "line": 20, "column": 34 }
            },
            "6": {
                "start": { "line": 21, "column": 12 },
                "end": { "line": 21, "column": 33 }
            },
            "7": {
                "start": { "line": 23, "column": 12 },
                "end": { "line": 23, "column": 47 }
            },
            "8": {
                "start": { "line": 24, "column": 12 },
                "end": { "line": 24, "column": 30 }
            },
            "9": {
                "start": { "line": 27, "column": 4 },
                "end": { "line": 29, "column": 10 }
            },
            "10": {
                "start": { "line": 28, "column": 8 },
                "end": { "line": 28, "column": 21 }
            },
            "11": {
                "start": { "line": 31, "column": 4 },
                "end": { "line": 61, "column": 5 }
            },
            "12": {
                "start": { "line": 47, "column": 28 },
                "end": { "line": 52, "column": 30 }
            }
        },
        "fnMap": {
            "0": {
                "name": "(anonymous_0)",
                "decl": {
                    "start": { "line": 14, "column": 17 },
                    "end": { "line": 14, "column": 18 }
                },
                "loc": {
                    "start": { "line": 14, "column": 23 },
                    "end": { "line": 62, "column": 1 }
                },
                "line": 14
            },
            "1": {
                "name": "(anonymous_1)",
                "decl": {
                    "start": { "line": 17, "column": 24 },
                    "end": { "line": 17, "column": 25 }
                },
                "loc": {
                    "start": { "line": 17, "column": 36 },
                    "end": { "line": 26, "column": 5 }
                },
                "line": 17
            },
            "2": {
                "name": "(anonymous_2)",
                "decl": {
                    "start": { "line": 27, "column": 14 },
                    "end": { "line": 27, "column": 15 }
                },
                "loc": {
                    "start": { "line": 27, "column": 20 },
                    "end": { "line": 29, "column": 5 }
                },
                "line": 27
            },
            "3": {
                "name": "(anonymous_3)",
                "decl": {
                    "start": { "line": 46, "column": 45 },
                    "end": { "line": 46, "column": 46 }
                },
                "loc": {
                    "start": { "line": 47, "column": 28 },
                    "end": { "line": 52, "column": 30 }
                },
                "line": 47
            }
        },
        "branchMap": {
            "0": {
                "loc": {
                    "start": { "line": 45, "column": 21 },
                    "end": { "line": 56, "column": 21 }
                },
                "type": "cond-expr",
                "locations": [
                    {
                        "start": { "line": 46, "column": 24 },
                        "end": { "line": 53, "column": 26 }
                    },
                    {
                        "start": { "line": 55, "column": 24 },
                        "end": { "line": 55, "column": 52 }
                    }
                ],
                "line": 45
            },
            "1": {
                "loc": {
                    "start": { "line": 45, "column": 21 },
                    "end": { "line": 45, "column": 48 }
                },
                "type": "binary-expr",
                "locations": [
                    {
                        "start": { "line": 45, "column": 21 },
                        "end": { "line": 45, "column": 28 }
                    },
                    {
                        "start": { "line": 45, "column": 32 },
                        "end": { "line": 45, "column": 48 }
                    }
                ],
                "line": 45
            }
        },
        "s": {
            "0": 1,
            "1": 5,
            "2": 4,
            "3": 3,
            "4": 3,
            "5": 2,
            "6": 2,
            "7": 1,
            "8": 1,
            "9": 4,
            "10": 3,
            "11": 4,
            "12": 2
        },
        "f": { "0": 5, "1": 3, "2": 3, "3": 2 },
        "b": { "0": [1, 3], "1": [4, 4] },
        "_coverageSchema": "1a1c01bbd47fc00a2c39e90264f33305004495a9",
        "hash": "fa1719199b03aa9d9aca4a28dccf92a22938647d"
    },
    "C:\\SE_Projects\\Auction-Sphere-2\\src\\components\\Sell.js": {
        "path": "C:\\SE_Projects\\Auction-Sphere-2\\src\\components\\Sell.js",
        "statementMap": {
            "0": {
                "start": { "line": 11, "column": 17 },
                "end": { "line": 22, "column": 6 }
            },
            "1": {
                "start": { "line": 12, "column": 4 },
                "end": { "line": 22, "column": 6 }
            },
            "2": {
                "start": { "line": 13, "column": 23 },
                "end": { "line": 13, "column": 39 }
            },
            "3": {
                "start": { "line": 14, "column": 8 },
                "end": { "line": 16, "column": 9 }
            },
            "4": {
                "start": { "line": 15, "column": 12 },
                "end": { "line": 15, "column": 40 }
            },
            "5": {
                "start": { "line": 17, "column": 8 },
                "end": { "line": 19, "column": 9 }
            },
            "6": {
                "start": { "line": 18, "column": 12 },
                "end": { "line": 18, "column": 25 }
            },
            "7": {
                "start": { "line": 21, "column": 8 },
                "end": { "line": 21, "column": 34 }
            },
            "8": {
                "start": { "line": 28, "column": 13 },
                "end": { "line": 178, "column": 1 }
            },
            "9": {
                "start": { "line": 29, "column": 21 },
                "end": { "line": 29, "column": 34 }
            },
            "10": {
                "start": { "line": 30, "column": 46 },
                "end": { "line": 30, "column": 56 }
            },
            "11": {
                "start": { "line": 31, "column": 25 },
                "end": { "line": 33, "column": 5 }
            },
            "12": {
                "start": { "line": 32, "column": 8 },
                "end": { "line": 32, "column": 77 }
            },
            "13": {
                "start": { "line": 35, "column": 25 },
                "end": { "line": 65, "column": 5 }
            },
            "14": {
                "start": { "line": 36, "column": 8 },
                "end": { "line": 36, "column": 30 }
            },
            "15": {
                "start": { "line": 37, "column": 8 },
                "end": { "line": 38, "column": 64 }
            },
            "16": {
                "start": { "line": 38, "column": 12 },
                "end": { "line": 38, "column": 64 }
            },
            "17": {
                "start": { "line": 40, "column": 8 },
                "end": { "line": 40, "column": 38 }
            },
            "18": {
                "start": { "line": 41, "column": 8 },
                "end": { "line": 41, "column": 29 }
            },
            "19": {
                "start": { "line": 43, "column": 8 },
                "end": { "line": 61, "column": 9 }
            },
            "20": {
                "start": { "line": 44, "column": 12 },
                "end": { "line": 44, "column": 74 }
            },
            "21": {
                "start": { "line": 45, "column": 12 },
                "end": { "line": 45, "column": 40 }
            },
            "22": {
                "start": { "line": 46, "column": 12 },
                "end": { "line": 46, "column": 33 }
            },
            "23": {
                "start": { "line": 47, "column": 12 },
                "end": { "line": 55, "column": 14 }
            },
            "24": {
                "start": { "line": 56, "column": 12 },
                "end": { "line": 56, "column": 47 }
            },
            "25": {
                "start": { "line": 57, "column": 12 },
                "end": { "line": 57, "column": 33 }
            },
            "26": {
                "start": { "line": 59, "column": 12 },
                "end": { "line": 59, "column": 26 }
            },
            "27": {
                "start": { "line": 60, "column": 12 },
                "end": { "line": 60, "column": 47 }
            },
            "28": {
                "start": { "line": 67, "column": 36 },
                "end": { "line": 74, "column": 6 }
            },
            "29": {
                "start": { "line": 76, "column": 34 },
                "end": { "line": 84, "column": 10 }
            },
            "30": {
                "start": { "line": 77, "column": 8 },
                "end": { "line": 83, "column": 9 }
            },
            "31": {
                "start": { "line": 77, "column": 21 },
                "end": { "line": 77, "column": 22 }
            },
            "32": {
                "start": { "line": 78, "column": 23 },
                "end": { "line": 78, "column": 52 }
            },
            "33": {
                "start": { "line": 79, "column": 12 },
                "end": { "line": 79, "column": 29 }
            },
            "34": {
                "start": { "line": 80, "column": 37 },
                "end": { "line": 80, "column": 57 }
            },
            "35": {
                "start": { "line": 81, "column": 12 },
                "end": { "line": 81, "column": 48 }
            },
            "36": {
                "start": { "line": 82, "column": 12 },
                "end": { "line": 82, "column": 56 }
            },
            "37": {
                "start": { "line": 86, "column": 4 },
                "end": { "line": 177, "column": 5 }
            },
            "38": {
                "start": { "line": 117, "column": 45 },
                "end": { "line": 117, "column": 60 }
            },
            "39": {
                "start": { "line": 128, "column": 45 },
                "end": { "line": 128, "column": 60 }
            },
            "40": {
                "start": { "line": 139, "column": 45 },
                "end": { "line": 139, "column": 60 }
            },
            "41": {
                "start": { "line": 150, "column": 45 },
                "end": { "line": 150, "column": 60 }
            },
            "42": {
                "start": { "line": 161, "column": 45 },
                "end": { "line": 161, "column": 60 }
            },
            "43": {
                "start": { "line": 169, "column": 45 },
                "end": { "line": 169, "column": 69 }
            }
        },
        "fnMap": {
            "0": {
                "name": "(anonymous_0)",
                "decl": {
                    "start": { "line": 11, "column": 17 },
                    "end": { "line": 11, "column": 18 }
                },
                "loc": {
                    "start": { "line": 12, "column": 4 },
                    "end": { "line": 22, "column": 6 }
                },
                "line": 12
            },
            "1": {
                "name": "(anonymous_1)",
                "decl": {
                    "start": { "line": 12, "column": 16 },
                    "end": { "line": 12, "column": 17 }
                },
                "loc": {
                    "start": { "line": 12, "column": 37 },
                    "end": { "line": 22, "column": 5 }
                },
                "line": 12
            },
            "2": {
                "name": "(anonymous_2)",
                "decl": {
                    "start": { "line": 14, "column": 24 },
                    "end": { "line": 14, "column": 25 }
                },
                "loc": {
                    "start": { "line": 14, "column": 35 },
                    "end": { "line": 16, "column": 9 }
                },
                "line": 14
            },
            "3": {
                "name": "(anonymous_3)",
                "decl": {
                    "start": { "line": 17, "column": 25 },
                    "end": { "line": 17, "column": 26 }
                },
                "loc": {
                    "start": { "line": 17, "column": 36 },
                    "end": { "line": 19, "column": 9 }
                },
                "line": 17
            },
            "4": {
                "name": "(anonymous_4)",
                "decl": {
                    "start": { "line": 28, "column": 13 },
                    "end": { "line": 28, "column": 14 }
                },
                "loc": {
                    "start": { "line": 28, "column": 19 },
                    "end": { "line": 178, "column": 1 }
                },
                "line": 28
            },
            "5": {
                "name": "(anonymous_5)",
                "decl": {
                    "start": { "line": 31, "column": 25 },
                    "end": { "line": 31, "column": 26 }
                },
                "loc": {
                    "start": { "line": 31, "column": 36 },
                    "end": { "line": 33, "column": 5 }
                },
                "line": 31
            },
            "6": {
                "name": "(anonymous_6)",
                "decl": {
                    "start": { "line": 35, "column": 25 },
                    "end": { "line": 35, "column": 26 }
                },
                "loc": {
                    "start": { "line": 35, "column": 42 },
                    "end": { "line": 65, "column": 5 }
                },
                "line": 35
            },
            "7": {
                "name": "(anonymous_7)",
                "decl": {
                    "start": { "line": 76, "column": 46 },
                    "end": { "line": 76, "column": 47 }
                },
                "loc": {
                    "start": { "line": 76, "column": 71 },
                    "end": { "line": 84, "column": 5 }
                },
                "line": 76
            },
            "8": {
                "name": "(anonymous_8)",
                "decl": {
                    "start": { "line": 117, "column": 38 },
                    "end": { "line": 117, "column": 39 }
                },
                "loc": {
                    "start": { "line": 117, "column": 45 },
                    "end": { "line": 117, "column": 60 }
                },
                "line": 117
            },
            "9": {
                "name": "(anonymous_9)",
                "decl": {
                    "start": { "line": 128, "column": 38 },
                    "end": { "line": 128, "column": 39 }
                },
                "loc": {
                    "start": { "line": 128, "column": 45 },
                    "end": { "line": 128, "column": 60 }
                },
                "line": 128
            },
            "10": {
                "name": "(anonymous_10)",
                "decl": {
                    "start": { "line": 139, "column": 38 },
                    "end": { "line": 139, "column": 39 }
                },
                "loc": {
                    "start": { "line": 139, "column": 45 },
                    "end": { "line": 139, "column": 60 }
                },
                "line": 139
            },
            "11": {
                "name": "(anonymous_11)",
                "decl": {
                    "start": { "line": 150, "column": 38 },
                    "end": { "line": 150, "column": 39 }
                },
                "loc": {
                    "start": { "line": 150, "column": 45 },
                    "end": { "line": 150, "column": 60 }
                },
                "line": 150
            },
            "12": {
                "name": "(anonymous_12)",
                "decl": {
                    "start": { "line": 161, "column": 38 },
                    "end": { "line": 161, "column": 39 }
                },
                "loc": {
                    "start": { "line": 161, "column": 45 },
                    "end": { "line": 161, "column": 60 }
                },
                "line": 161
            },
            "13": {
                "name": "(anonymous_13)",
                "decl": {
                    "start": { "line": 169, "column": 38 },
                    "end": { "line": 169, "column": 39 }
                },
                "loc": {
                    "start": { "line": 169, "column": 45 },
                    "end": { "line": 169, "column": 69 }
                },
                "line": 169
            }
        },
        "branchMap": {
            "0": {
                "loc": {
                    "start": { "line": 37, "column": 8 },
                    "end": { "line": 38, "column": 64 }
                },
                "type": "if",
                "locations": [
                    {
                        "start": { "line": 37, "column": 8 },
                        "end": { "line": 38, "column": 64 }
                    },
                    { "start": {}, "end": {} }
                ],
                "line": 37
            }
        },
        "s": {
            "0": 0,
            "1": 0,
            "2": 0,
            "3": 0,
            "4": 0,
            "5": 0,
            "6": 0,
            "7": 0,
            "8": 0,
            "9": 0,
            "10": 0,
            "11": 0,
            "12": 0,
            "13": 0,
            "14": 0,
            "15": 0,
            "16": 0,
            "17": 0,
            "18": 0,
            "19": 0,
            "20": 0,
            "21": 0,
            "22": 0,
            "23": 0,
            "24": 0,
            "25": 0,
            "26": 0,
            "27": 0,
            "28": 0,
            "29": 0,
            "30": 0,
            "31": 0,
            "32": 0,
            "33": 0,
            "34": 0,
            "35": 0,
            "36": 0,
            "37": 0,
            "38": 0,
            "39": 0,
            "40": 0,
            "41": 0,
            "42": 0,
            "43": 0
        },
        "f": {
            "0": 0,
            "1": 0,
            "2": 0,
            "3": 0,
            "4": 0,
            "5": 0,
            "6": 0,
            "7": 0,
            "8": 0,
            "9": 0,
            "10": 0,
            "11": 0,
            "12": 0,
            "13": 0
        },
        "b": { "0": [0, 0] }
    },
    "C:\\SE_Projects\\Auction-Sphere-2\\src\\components\\LoginSignup\\Login.js": {
        "path": "C:\\SE_Projects\\Auction-Sphere-2\\src\\components\\LoginSignup\\Login.js",
        "statementMap": {
            "0": {
                "start": { "line": 24, "column": 14 },
                "end": { "line": 109, "column": 1 }
            },
            "1": {
                "start": { "line": 25, "column": 25 },
                "end": { "line": 27, "column": 5 }
            },
            "2": {
                "start": { "line": 26, "column": 8 },
                "end": { "line": 26, "column": 77 }
            },
            "3": {
                "start": { "line": 28, "column": 21 },
                "end": { "line": 28, "column": 34 }
            },
            "4": {
                "start": { "line": 29, "column": 25 },
                "end": { "line": 50, "column": 5 }
            },
            "5": {
                "start": { "line": 30, "column": 8 },
                "end": { "line": 30, "column": 30 }
            },
            "6": {
                "start": { "line": 31, "column": 8 },
                "end": { "line": 31, "column": 29 }
            },
            "7": {
                "start": { "line": 33, "column": 8 },
                "end": { "line": 49, "column": 9 }
            },
            "8": {
                "start": { "line": 34, "column": 12 },
                "end": { "line": 34, "column": 65 }
            },
            "9": {
                "start": { "line": 35, "column": 12 },
                "end": { "line": 35, "column": 33 }
            },
            "10": {
                "start": { "line": 37, "column": 12 },
                "end": { "line": 45, "column": 13 }
            },
            "11": {
                "start": { "line": 39, "column": 16 },
                "end": { "line": 39, "column": 47 }
            },
            "12": {
                "start": { "line": 40, "column": 16 },
                "end": { "line": 40, "column": 52 }
            },
            "13": {
                "start": { "line": 41, "column": 16 },
                "end": { "line": 41, "column": 61 }
            },
            "14": {
                "start": { "line": 42, "column": 16 },
                "end": { "line": 42, "column": 37 }
            },
            "15": {
                "start": { "line": 44, "column": 16 },
                "end": { "line": 44, "column": 51 }
            },
            "16": {
                "start": { "line": 47, "column": 12 },
                "end": { "line": 47, "column": 47 }
            },
            "17": {
                "start": { "line": 48, "column": 12 },
                "end": { "line": 48, "column": 26 }
            },
            "18": {
                "start": { "line": 51, "column": 36 },
                "end": { "line": 54, "column": 6 }
            },
            "19": {
                "start": { "line": 55, "column": 4 },
                "end": { "line": 108, "column": 5 }
            },
            "20": {
                "start": { "line": 87, "column": 57 },
                "end": { "line": 87, "column": 72 }
            },
            "21": {
                "start": { "line": 98, "column": 57 },
                "end": { "line": 98, "column": 72 }
            }
        },
        "fnMap": {
            "0": {
                "name": "(anonymous_0)",
                "decl": {
                    "start": { "line": 24, "column": 14 },
                    "end": { "line": 24, "column": 15 }
                },
                "loc": {
                    "start": { "line": 24, "column": 20 },
                    "end": { "line": 109, "column": 1 }
                },
                "line": 24
            },
            "1": {
                "name": "(anonymous_1)",
                "decl": {
                    "start": { "line": 25, "column": 25 },
                    "end": { "line": 25, "column": 26 }
                },
                "loc": {
                    "start": { "line": 25, "column": 36 },
                    "end": { "line": 27, "column": 5 }
                },
                "line": 25
            },
            "2": {
                "name": "(anonymous_2)",
                "decl": {
                    "start": { "line": 29, "column": 25 },
                    "end": { "line": 29, "column": 26 }
                },
                "loc": {
                    "start": { "line": 29, "column": 42 },
                    "end": { "line": 50, "column": 5 }
                },
                "line": 29
            },
            "3": {
                "name": "(anonymous_3)",
                "decl": {
                    "start": { "line": 87, "column": 50 },
                    "end": { "line": 87, "column": 51 }
                },
                "loc": {
                    "start": { "line": 87, "column": 57 },
                    "end": { "line": 87, "column": 72 }
                },
                "line": 87
            },
            "4": {
                "name": "(anonymous_4)",
                "decl": {
                    "start": { "line": 98, "column": 50 },
                    "end": { "line": 98, "column": 51 }
                },
                "loc": {
                    "start": { "line": 98, "column": 57 },
                    "end": { "line": 98, "column": 72 }
                },
                "line": 98
            }
        },
        "branchMap": {
            "0": {
                "loc": {
                    "start": { "line": 37, "column": 12 },
                    "end": { "line": 45, "column": 13 }
                },
                "type": "if",
                "locations": [
                    {
                        "start": { "line": 37, "column": 12 },
                        "end": { "line": 45, "column": 13 }
                    },
                    {
                        "start": { "line": 43, "column": 19 },
                        "end": { "line": 45, "column": 13 }
                    }
                ],
                "line": 37
            }
        },
        "s": {
            "0": 1,
            "1": 5,
            "2": 0,
            "3": 5,
            "4": 4,
            "5": 0,
            "6": 0,
            "7": 0,
            "8": 0,
            "9": 0,
            "10": 0,
            "11": 0,
            "12": 0,
            "13": 0,
            "14": 0,
            "15": 0,
            "16": 0,
            "17": 0,
            "18": 4,
            "19": 4,
            "20": 0,
            "21": 0
        },
        "f": { "0": 5, "1": 0, "2": 0, "3": 0, "4": 0 },
        "b": { "0": [0, 0] },
        "_coverageSchema": "1a1c01bbd47fc00a2c39e90264f33305004495a9",
        "hash": "3d04e623ebb7b82ca8b554a3f5e85df251e06df5"
    },
    "C:\\SE_Projects\\Auction-Sphere-2\\src\\components\\LoginSignup\\Signup.js": {
        "path": "C:\\SE_Projects\\Auction-Sphere-2\\src\\components\\LoginSignup\\Signup.js",
        "statementMap": {
            "0": {
                "start": { "line": 25, "column": 15 },
                "end": { "line": 194, "column": 1 }
            },
            "1": {
                "start": { "line": 26, "column": 21 },
                "end": { "line": 26, "column": 34 }
            },
            "2": {
                "start": { "line": 27, "column": 25 },
                "end": { "line": 29, "column": 5 }
            },
            "3": {
                "start": { "line": 28, "column": 8 },
                "end": { "line": 28, "column": 77 }
            },
            "4": {
                "start": { "line": 30, "column": 25 },
                "end": { "line": 46, "column": 5 }
            },
            "5": {
                "start": { "line": 31, "column": 8 },
                "end": { "line": 31, "column": 30 }
            },
            "6": {
                "start": { "line": 32, "column": 8 },
                "end": { "line": 45, "column": 9 }
            },
            "7": {
                "start": { "line": 33, "column": 12 },
                "end": { "line": 33, "column": 49 }
            },
            "8": {
                "start": { "line": 35, "column": 12 },
                "end": { "line": 35, "column": 33 }
            },
            "9": {
                "start": { "line": 36, "column": 12 },
                "end": { "line": 44, "column": 13 }
            },
            "10": {
                "start": { "line": 37, "column": 31 },
                "end": { "line": 37, "column": 74 }
            },
            "11": {
                "start": { "line": 38, "column": 16 },
                "end": { "line": 38, "column": 37 }
            },
            "12": {
                "start": { "line": 39, "column": 16 },
                "end": { "line": 39, "column": 34 }
            },
            "13": {
                "start": { "line": 42, "column": 16 },
                "end": { "line": 42, "column": 51 }
            },
            "14": {
                "start": { "line": 43, "column": 16 },
                "end": { "line": 43, "column": 30 }
            },
            "15": {
                "start": { "line": 47, "column": 36 },
                "end": { "line": 55, "column": 6 }
            },
            "16": {
                "start": { "line": 56, "column": 4 },
                "end": { "line": 193, "column": 5 }
            },
            "17": {
                "start": { "line": 95, "column": 52 },
                "end": { "line": 95, "column": 67 }
            },
            "18": {
                "start": { "line": 110, "column": 52 },
                "end": { "line": 110, "column": 67 }
            },
            "19": {
                "start": { "line": 123, "column": 52 },
                "end": { "line": 123, "column": 67 }
            },
            "20": {
                "start": { "line": 136, "column": 52 },
                "end": { "line": 136, "column": 67 }
            },
            "21": {
                "start": { "line": 162, "column": 52 },
                "end": { "line": 162, "column": 67 }
            },
            "22": {
                "start": { "line": 177, "column": 52 },
                "end": { "line": 177, "column": 67 }
            }
        },
        "fnMap": {
            "0": {
                "name": "(anonymous_0)",
                "decl": {
                    "start": { "line": 25, "column": 15 },
                    "end": { "line": 25, "column": 16 }
                },
                "loc": {
                    "start": { "line": 25, "column": 21 },
                    "end": { "line": 194, "column": 1 }
                },
                "line": 25
            },
            "1": {
                "name": "(anonymous_1)",
                "decl": {
                    "start": { "line": 27, "column": 25 },
                    "end": { "line": 27, "column": 26 }
                },
                "loc": {
                    "start": { "line": 27, "column": 36 },
                    "end": { "line": 29, "column": 5 }
                },
                "line": 27
            },
            "2": {
                "name": "(anonymous_2)",
                "decl": {
                    "start": { "line": 30, "column": 25 },
                    "end": { "line": 30, "column": 26 }
                },
                "loc": {
                    "start": { "line": 30, "column": 42 },
                    "end": { "line": 46, "column": 5 }
                },
                "line": 30
            },
            "3": {
                "name": "(anonymous_3)",
                "decl": {
                    "start": { "line": 94, "column": 58 },
                    "end": { "line": 94, "column": 59 }
                },
                "loc": {
                    "start": { "line": 95, "column": 52 },
                    "end": { "line": 95, "column": 67 }
                },
                "line": 95
            },
            "4": {
                "name": "(anonymous_4)",
                "decl": {
                    "start": { "line": 109, "column": 58 },
                    "end": { "line": 109, "column": 59 }
                },
                "loc": {
                    "start": { "line": 110, "column": 52 },
                    "end": { "line": 110, "column": 67 }
                },
                "line": 110
            },
            "5": {
                "name": "(anonymous_5)",
                "decl": {
                    "start": { "line": 122, "column": 58 },
                    "end": { "line": 122, "column": 59 }
                },
                "loc": {
                    "start": { "line": 123, "column": 52 },
                    "end": { "line": 123, "column": 67 }
                },
                "line": 123
            },
            "6": {
                "name": "(anonymous_6)",
                "decl": {
                    "start": { "line": 135, "column": 58 },
                    "end": { "line": 135, "column": 59 }
                },
                "loc": {
                    "start": { "line": 136, "column": 52 },
                    "end": { "line": 136, "column": 67 }
                },
                "line": 136
            },
            "7": {
                "name": "(anonymous_7)",
                "decl": {
                    "start": { "line": 161, "column": 58 },
                    "end": { "line": 161, "column": 59 }
                },
                "loc": {
                    "start": { "line": 162, "column": 52 },
                    "end": { "line": 162, "column": 67 }
                },
                "line": 162
            },
            "8": {
                "name": "(anonymous_8)",
                "decl": {
                    "start": { "line": 176, "column": 58 },
                    "end": { "line": 176, "column": 59 }
                },
                "loc": {
                    "start": { "line": 177, "column": 52 },
                    "end": { "line": 177, "column": 67 }
                },
                "line": 177
            }
        },
        "branchMap": {
            "0": {
                "loc": {
                    "start": { "line": 32, "column": 8 },
                    "end": { "line": 45, "column": 9 }
                },
                "type": "if",
                "locations": [
                    {
                        "start": { "line": 32, "column": 8 },
                        "end": { "line": 45, "column": 9 }
                    },
                    {
                        "start": { "line": 34, "column": 13 },
                        "end": { "line": 45, "column": 9 }
                    }
                ],
                "line": 32
            },
            "1": {
                "loc": {
                    "start": { "line": 69, "column": 17 },
                    "end": { "line": 189, "column": 17 }
                },
                "type": "cond-expr",
                "locations": [
                    {
                        "start": { "line": 70, "column": 20 },
                        "end": { "line": 70, "column": 25 }
                    },
                    {
                        "start": { "line": 72, "column": 20 },
                        "end": { "line": 188, "column": 23 }
                    }
                ],
                "line": 69
            }
        },
        "s": {
            "0": 1,
            "1": 13,
            "2": 12,
            "3": 0,
            "4": 12,
            "5": 0,
            "6": 0,
            "7": 0,
            "8": 0,
            "9": 0,
            "10": 0,
            "11": 0,
            "12": 0,
            "13": 0,
            "14": 0,
            "15": 12,
            "16": 12,
            "17": 0,
            "18": 0,
            "19": 0,
            "20": 0,
            "21": 0,
            "22": 0
        },
        "f": {
            "0": 13,
            "1": 0,
            "2": 0,
            "3": 0,
            "4": 0,
            "5": 0,
            "6": 0,
            "7": 0,
            "8": 0
        },
        "b": { "0": [0, 0], "1": [0, 12] },
        "_coverageSchema": "1a1c01bbd47fc00a2c39e90264f33305004495a9",
        "hash": "266d94336b77302692300eb225e5998fe02f551d"
    }
}
